
*** Running vivado
    with args -log system_dlmb_v10_0.vds -m64 -product Vivado -mode batch -messageDb vivado.pb -notrace -source system_dlmb_v10_0.tcl


****** Vivado v2019.2 (64-bit)
  **** SW Build 2708876 on Wed Nov  6 21:40:23 MST 2019
  **** IP Build 2700528 on Thu Nov  7 00:09:20 MST 2019
    ** Copyright 1986-2019 Xilinx, Inc. All Rights Reserved.

source system_dlmb_v10_0.tcl -notrace
Command: synth_design -top system_dlmb_v10_0 -part xc7a35tcsg324-1 -mode out_of_context
Starting synth_design
Attempting to get a license for feature 'Synthesis' and/or device 'xc7a35t'
INFO: [Common 17-349] Got license for feature 'Synthesis' and/or device 'xc7a35t'
INFO: [Device 21-403] Loading part xc7a35tcsg324-1
INFO: Launching helper process for spawning children vivado processes
INFO: Helper process launched with PID 11200 
---------------------------------------------------------------------------------
Starting RTL Elaboration : Time (s): cpu = 00:00:12 ; elapsed = 00:00:14 . Memory (MB): peak = 845.301 ; gain = 235.180
---------------------------------------------------------------------------------
INFO: [Synth 8-638] synthesizing module 'system_dlmb_v10_0' [c:/Users/FAMILY/Desktop/PUF/src/bd/system/ip/system_dlmb_v10_0/synth/system_dlmb_v10_0.vhd:89]
	Parameter C_LMB_NUM_SLAVES bound to: 1 - type: integer 
	Parameter C_LMB_DWIDTH bound to: 32 - type: integer 
	Parameter C_LMB_AWIDTH bound to: 32 - type: integer 
	Parameter C_LMB_PROTOCOL bound to: 0 - type: integer 
	Parameter C_EXT_RESET_HIGH bound to: 1 - type: integer 
INFO: [Synth 8-3491] module 'lmb_v10' declared at 'c:/Users/FAMILY/Desktop/PUF/src/bd/system/ipshared/2e88/hdl/lmb_v10_v3_0_vh_rfs.vhd:92' bound to instance 'U0' of component 'lmb_v10' [c:/Users/FAMILY/Desktop/PUF/src/bd/system/ip/system_dlmb_v10_0/synth/system_dlmb_v10_0.vhd:165]
INFO: [Synth 8-638] synthesizing module 'lmb_v10' [c:/Users/FAMILY/Desktop/PUF/src/bd/system/ipshared/2e88/hdl/lmb_v10_v3_0_vh_rfs.vhd:141]
	Parameter C_LMB_NUM_SLAVES bound to: 1 - type: integer 
	Parameter C_LMB_DWIDTH bound to: 32 - type: integer 
	Parameter C_LMB_AWIDTH bound to: 32 - type: integer 
	Parameter C_LMB_PROTOCOL bound to: 0 - type: integer 
	Parameter C_EXT_RESET_HIGH bound to: 1 - type: integer 
INFO: [Synth 8-3491] module 'FDS' declared at 'C:/Xilinx/Vivado/2019.2/scripts/rt/data/unisim_comp.v:13831' bound to instance 'POR_FF_I' of component 'FDS' [c:/Users/FAMILY/Desktop/PUF/src/bd/system/ipshared/2e88/hdl/lmb_v10_v3_0_vh_rfs.vhd:171]
INFO: [Synth 8-6157] synthesizing module 'FDS' [C:/Xilinx/Vivado/2019.2/scripts/rt/data/unisim_comp.v:13831]
	Parameter INIT bound to: 1'b1 
INFO: [Synth 8-6155] done synthesizing module 'FDS' (1#1) [C:/Xilinx/Vivado/2019.2/scripts/rt/data/unisim_comp.v:13831]
INFO: [Synth 8-256] done synthesizing module 'lmb_v10' (2#1) [c:/Users/FAMILY/Desktop/PUF/src/bd/system/ipshared/2e88/hdl/lmb_v10_v3_0_vh_rfs.vhd:141]
INFO: [Synth 8-256] done synthesizing module 'system_dlmb_v10_0' (3#1) [c:/Users/FAMILY/Desktop/PUF/src/bd/system/ip/system_dlmb_v10_0/synth/system_dlmb_v10_0.vhd:89]
---------------------------------------------------------------------------------
Finished RTL Elaboration : Time (s): cpu = 00:00:15 ; elapsed = 00:00:18 . Memory (MB): peak = 920.648 ; gain = 310.527
---------------------------------------------------------------------------------

Report Check Netlist: 
+------+------------------+-------+---------+-------+------------------+
|      |Item              |Errors |Warnings |Status |Description       |
+------+------------------+-------+---------+-------+------------------+
|1     |multi_driven_nets |      0|        0|Passed |Multi driven nets |
+------+------------------+-------+---------+-------+------------------+
---------------------------------------------------------------------------------
Start Handling Custom Attributes
---------------------------------------------------------------------------------
---------------------------------------------------------------------------------
Finished Handling Custom Attributes : Time (s): cpu = 00:00:16 ; elapsed = 00:00:20 . Memory (MB): peak = 920.648 ; gain = 310.527
---------------------------------------------------------------------------------
---------------------------------------------------------------------------------
Finished RTL Optimization Phase 1 : Time (s): cpu = 00:00:16 ; elapsed = 00:00:20 . Memory (MB): peak = 920.648 ; gain = 310.527
---------------------------------------------------------------------------------
Netlist sorting complete. Time (s): cpu = 00:00:00 ; elapsed = 00:00:00.012 . Memory (MB): peak = 920.648 ; gain = 0.000
INFO: [Netlist 29-17] Analyzing 1 Unisim elements for replacement
INFO: [Netlist 29-28] Unisim Transformation completed in 0 CPU seconds
INFO: [Project 1-570] Preparing netlist for logic optimization

Processing XDC Constraints
Initializing timing engine
Parsing XDC File [c:/Users/FAMILY/Desktop/PUF/src/bd/system/ip/system_dlmb_v10_0/system_dlmb_v10_0_ooc.xdc] for cell 'U0'
Finished Parsing XDC File [c:/Users/FAMILY/Desktop/PUF/src/bd/system/ip/system_dlmb_v10_0/system_dlmb_v10_0_ooc.xdc] for cell 'U0'
Parsing XDC File [c:/Users/FAMILY/Desktop/PUF/src/bd/system/ip/system_dlmb_v10_0/system_dlmb_v10_0.xdc] for cell 'U0'
Finished Parsing XDC File [c:/Users/FAMILY/Desktop/PUF/src/bd/system/ip/system_dlmb_v10_0/system_dlmb_v10_0.xdc] for cell 'U0'
Parsing XDC File [C:/Users/FAMILY/Desktop/PUF/prj/vivado/arbiter_puf_vhdl/arbiter_puf_vhdl.runs/system_dlmb_v10_0_synth_1/dont_touch.xdc]
Finished Parsing XDC File [C:/Users/FAMILY/Desktop/PUF/prj/vivado/arbiter_puf_vhdl/arbiter_puf_vhdl.runs/system_dlmb_v10_0_synth_1/dont_touch.xdc]
Completed Processing XDC Constraints

Netlist sorting complete. Time (s): cpu = 00:00:00 ; elapsed = 00:00:00 . Memory (MB): peak = 920.648 ; gain = 0.000
INFO: [Project 1-111] Unisim Transformation Summary:
  A total of 1 instances were transformed.
  FDS => FDSE: 1 instance 

Constraint Validation Runtime : Time (s): cpu = 00:00:00 ; elapsed = 00:00:00.164 . Memory (MB): peak = 930.574 ; gain = 9.926
---------------------------------------------------------------------------------
Finished Constraint Validation : Time (s): cpu = 00:00:35 ; elapsed = 00:00:40 . Memory (MB): peak = 930.574 ; gain = 320.453
---------------------------------------------------------------------------------
---------------------------------------------------------------------------------
Start Loading Part and Timing Information
---------------------------------------------------------------------------------
Loading part: xc7a35tcsg324-1
---------------------------------------------------------------------------------
Finished Loading Part and Timing Information : Time (s): cpu = 00:00:35 ; elapsed = 00:00:40 . Memory (MB): peak = 930.574 ; gain = 320.453
---------------------------------------------------------------------------------
---------------------------------------------------------------------------------
Start Applying 'set_property' XDC Constraints
---------------------------------------------------------------------------------
Applied set_property DONT_TOUCH = true for U0. (constraint file  C:/Users/FAMILY/Desktop/PUF/prj/vivado/arbiter_puf_vhdl/arbiter_puf_vhdl.runs/system_dlmb_v10_0_synth_1/dont_touch.xdc, line 9).
---------------------------------------------------------------------------------
Finished applying 'set_property' XDC Constraints : Time (s): cpu = 00:00:35 ; elapsed = 00:00:40 . Memory (MB): peak = 930.574 ; gain = 320.453
---------------------------------------------------------------------------------
---------------------------------------------------------------------------------
Finished RTL Optimization Phase 2 : Time (s): cpu = 00:00:35 ; elapsed = 00:00:40 . Memory (MB): peak = 930.574 ; gain = 320.453
---------------------------------------------------------------------------------

Report RTL Partitions: 
+-+--------------+------------+----------+
| |RTL Partition |Replication |Instances |
+-+--------------+------------+----------+
+-+--------------+------------+----------+
---------------------------------------------------------------------------------
Start RTL Component Statistics 
---------------------------------------------------------------------------------
Detailed RTL Component Info : 
---------------------------------------------------------------------------------
Finished RTL Component Statistics 
---------------------------------------------------------------------------------
---------------------------------------------------------------------------------
Start RTL Hierarchical Component Statistics 
---------------------------------------------------------------------------------
Hierarchical RTL Component report 
---------------------------------------------------------------------------------
Finished RTL Hierarchical Component Statistics
---------------------------------------------------------------------------------
---------------------------------------------------------------------------------
Start Part Resource Summary
---------------------------------------------------------------------------------
Part Resources:
DSPs: 90 (col length:60)
BRAMs: 100 (col length: RAMB18 60 RAMB36 30)
---------------------------------------------------------------------------------
Finished Part Resource Summary
---------------------------------------------------------------------------------
---------------------------------------------------------------------------------
Start Cross Boundary and Area Optimization
---------------------------------------------------------------------------------
Warning: Parallel synthesis criteria is not met 
---------------------------------------------------------------------------------
Finished Cross Boundary and Area Optimization : Time (s): cpu = 00:00:40 ; elapsed = 00:00:46 . Memory (MB): peak = 930.574 ; gain = 320.453
---------------------------------------------------------------------------------

Report RTL Partitions: 
+-+--------------+------------+----------+
| |RTL Partition |Replication |Instances |
+-+--------------+------------+----------+
+-+--------------+------------+----------+
---------------------------------------------------------------------------------
Start Applying XDC Timing Constraints
---------------------------------------------------------------------------------
---------------------------------------------------------------------------------
Finished Applying XDC Timing Constraints : Time (s): cpu = 00:01:02 ; elapsed = 00:01:08 . Memory (MB): peak = 965.984 ; gain = 355.863
---------------------------------------------------------------------------------
---------------------------------------------------------------------------------
Start Timing Optimization
---------------------------------------------------------------------------------
---------------------------------------------------------------------------------
Finished Timing Optimization : Time (s): cpu = 00:01:02 ; elapsed = 00:01:08 . Memory (MB): peak = 966.059 ; gain = 355.938
---------------------------------------------------------------------------------

Report RTL Partitions: 
+-+--------------+------------+----------+
| |RTL Partition |Replication |Instances |
+-+--------------+------------+----------+
+-+--------------+------------+----------+
---------------------------------------------------------------------------------
Start Technology Mapping
---------------------------------------------------------------------------------
---------------------------------------------------------------------------------
Finished Technology Mapping : Time (s): cpu = 00:01:02 ; elapsed = 00:01:08 . Memory (MB): peak = 975.586 ; gain = 365.465
---------------------------------------------------------------------------------

Report RTL Partitions: 
+-+--------------+------------+----------+
| |RTL Partition |Replication |Instances |
+-+--------------+------------+----------+
+-+--------------+------------+----------+
---------------------------------------------------------------------------------
Start IO Insertion
---------------------------------------------------------------------------------
---------------------------------------------------------------------------------
Start Flattening Before IO Insertion
---------------------------------------------------------------------------------
---------------------------------------------------------------------------------
Finished Flattening Before IO Insertion
---------------------------------------------------------------------------------
---------------------------------------------------------------------------------
Start Final Netlist Cleanup
---------------------------------------------------------------------------------
---------------------------------------------------------------------------------
Finished Final Netlist Cleanup
---------------------------------------------------------------------------------
---------------------------------------------------------------------------------
Finished IO Insertion : Time (s): cpu = 00:01:21 ; elapsed = 00:01:28 . Memory (MB): peak = 991.391 ; gain = 381.270
---------------------------------------------------------------------------------
---------------------------------------------------------------------------------
Start Renaming Generated Instances
---------------------------------------------------------------------------------
---------------------------------------------------------------------------------
Finished Renaming Generated Instances : Time (s): cpu = 00:01:21 ; elapsed = 00:01:28 . Memory (MB): peak = 991.391 ; gain = 381.270
---------------------------------------------------------------------------------

Report RTL Partitions: 
+-+--------------+------------+----------+
| |RTL Partition |Replication |Instances |
+-+--------------+------------+----------+
+-+--------------+------------+----------+

Report Check Netlist: 
+------+------------------+-------+---------+-------+------------------+
|      |Item              |Errors |Warnings |Status |Description       |
+------+------------------+-------+---------+-------+------------------+
|1     |multi_driven_nets |      0|        0|Passed |Multi driven nets |
+------+------------------+-------+---------+-------+------------------+
---------------------------------------------------------------------------------
Start Rebuilding User Hierarchy
---------------------------------------------------------------------------------
---------------------------------------------------------------------------------
Finished Rebuilding User Hierarchy : Time (s): cpu = 00:01:21 ; elapsed = 00:01:28 . Memory (MB): peak = 991.391 ; gain = 381.270
---------------------------------------------------------------------------------
---------------------------------------------------------------------------------
Start Renaming Generated Ports
---------------------------------------------------------------------------------
---------------------------------------------------------------------------------
Finished Renaming Generated Ports : Time (s): cpu = 00:01:21 ; elapsed = 00:01:28 . Memory (MB): peak = 991.391 ; gain = 381.270
---------------------------------------------------------------------------------
---------------------------------------------------------------------------------
Start Handling Custom Attributes
---------------------------------------------------------------------------------
---------------------------------------------------------------------------------
Finished Handling Custom Attributes : Time (s): cpu = 00:01:21 ; elapsed = 00:01:28 . Memory (MB): peak = 991.391 ; gain = 381.270
---------------------------------------------------------------------------------
---------------------------------------------------------------------------------
Start Renaming Generated Nets
---------------------------------------------------------------------------------
---------------------------------------------------------------------------------
Finished Renaming Generated Nets : Time (s): cpu = 00:01:21 ; elapsed = 00:01:28 . Memory (MB): peak = 991.391 ; gain = 381.270
---------------------------------------------------------------------------------
---------------------------------------------------------------------------------
Start Writing Synthesis Report
---------------------------------------------------------------------------------

Report BlackBoxes: 
+-+--------------+----------+
| |BlackBox name |Instances |
+-+--------------+----------+
+-+--------------+----------+

Report Cell Usage: 
+------+-----+------+
|      |Cell |Count |
+------+-----+------+
|1     |FDS  |     1|
+------+-----+------+

Report Instance Areas: 
+------+---------+--------+------+
|      |Instance |Module  |Cells |
+------+---------+--------+------+
|1     |top      |        |     1|
|2     |  U0     |lmb_v10 |     1|
+------+---------+--------+------+
---------------------------------------------------------------------------------
Finished Writing Synthesis Report : Time (s): cpu = 00:01:21 ; elapsed = 00:01:28 . Memory (MB): peak = 991.391 ; gain = 381.270
---------------------------------------------------------------------------------
Synthesis finished with 0 errors, 0 critical warnings and 0 warnings.
Synthesis Optimization Runtime : Time (s): cpu = 00:00:59 ; elapsed = 00:01:21 . Memory (MB): peak = 991.391 ; gain = 371.344
Synthesis Optimization Complete : Time (s): cpu = 00:01:22 ; elapsed = 00:01:28 . Memory (MB): peak = 991.391 ; gain = 381.270
INFO: [Project 1-571] Translating synthesized netlist
Netlist sorting complete. Time (s): cpu = 00:00:00 ; elapsed = 00:00:00.011 . Memory (MB): peak = 991.391 ; gain = 0.000
INFO: [Netlist 29-17] Analyzing 1 Unisim elements for replacement
INFO: [Netlist 29-28] Unisim Transformation completed in 0 CPU seconds
INFO: [Project 1-570] Preparing netlist for logic optimization
INFO: [Opt 31-138] Pushed 0 inverter(s) to 0 load pin(s).
Netlist sorting complete. Time (s): cpu = 00:00:00 ; elapsed = 00:00:00 . Memory (MB): peak = 1002.141 ; gain = 0.000
INFO: [Project 1-111] Unisim Transformation Summary:
  A total of 1 instances were transformed.
  FDS => FDSE: 1 instance 

INFO: [Common 17-83] Releasing license: Synthesis
21 Infos, 0 Warnings, 0 Critical Warnings and 0 Errors encountered.
synth_design completed successfully
synth_design: Time (s): cpu = 00:01:35 ; elapsed = 00:01:47 . Memory (MB): peak = 1002.141 ; gain = 664.063
Netlist sorting complete. Time (s): cpu = 00:00:00 ; elapsed = 00:00:00 . Memory (MB): peak = 1002.141 ; gain = 0.000
WARNING: [Constraints 18-5210] No constraints selected for write.
Resolution: This message can indicate that there are no constraints for the design, or it can indicate that the used_in flags are set such that the constraints are ignored. This later case is used when running synth_design to not write synthesis constraints to the resulting checkpoint. Instead, project constraints are read when the synthesized design is opened.
INFO: [Common 17-1381] The checkpoint 'C:/Users/FAMILY/Desktop/PUF/prj/vivado/arbiter_puf_vhdl/arbiter_puf_vhdl.runs/system_dlmb_v10_0_synth_1/system_dlmb_v10_0.dcp' has been generated.
WARNING: [Common 17-576] 'use_project_ipc' is deprecated. This option is deprecated and no longer used.
INFO: [Coretcl 2-1648] Added synthesis output to IP cache for IP system_dlmb_v10_0, cache-ID = ec59606d0434799e
Netlist sorting complete. Time (s): cpu = 00:00:00 ; elapsed = 00:00:00 . Memory (MB): peak = 1002.141 ; gain = 0.000
WARNING: [Constraints 18-5210] No constraints selected for write.
Resolution: This message can indicate that there are no constraints for the design, or it can indicate that the used_in flags are set such that the constraints are ignored. This later case is used when running synth_design to not write synthesis constraints to the resulting checkpoint. Instead, project constraints are read when the synthesized design is opened.
INFO: [Common 17-1381] The checkpoint 'C:/Users/FAMILY/Desktop/PUF/prj/vivado/arbiter_puf_vhdl/arbiter_puf_vhdl.runs/system_dlmb_v10_0_synth_1/system_dlmb_v10_0.dcp' has been generated.
INFO: [runtcl-4] Executing : report_utilization -file system_dlmb_v10_0_utilization_synth.rpt -pb system_dlmb_v10_0_utilization_synth.pb
INFO: [Common 17-206] Exiting Vivado at Thu Jun  4 19:56:52 2020...
